<?xml version="1.0" encoding="UTF-8"?>
<coverage generated="1782049735530" clover="3.2.0">
  <project timestamp="1782049735530" name="All files">
    <metrics statements="41" coveredstatements="41" conditionals="40" coveredconditionals="38" methods="14" coveredmethods="14" elements="95" coveredelements="93" complexity="0" loc="41" ncloc="41" packages="1" files="2" classes="2"/>
    <file name="emissionFactors.js" path="C:\Users\pooja\Desktop\carbon-track\src\utils\emissionFactors.js">
      <metrics statements="34" coveredstatements="34" conditionals="33" coveredconditionals="31" methods="11" coveredmethods="11"/>
      <line num="17" count="1" type="stmt"/>
      <line num="60" count="1" type="stmt"/>
      <line num="63" count="1" type="stmt"/>
      <line num="73" count="51" type="stmt"/>
      <line num="74" count="51" type="stmt"/>
      <line num="75" count="51" type="cond" truecount="2" falsecount="0"/>
      <line num="76" count="48" type="stmt"/>
      <line num="77" count="48" type="cond" truecount="4" falsecount="0"/>
      <line num="78" count="47" type="stmt"/>
      <line num="89" count="6" type="cond" truecount="4" falsecount="0"/>
      <line num="90" count="3" type="stmt"/>
      <line num="91" count="8" type="cond" truecount="4" falsecount="0"/>
      <line num="92" count="5" type="stmt"/>
      <line num="93" count="5" type="stmt"/>
      <line num="95" count="3" type="stmt"/>
      <line num="106" count="3" type="stmt"/>
      <line num="107" count="3" type="stmt"/>
      <line num="109" count="12" type="stmt"/>
      <line num="111" count="3" type="cond" truecount="4" falsecount="0"/>
      <line num="112" count="4" type="stmt"/>
      <line num="115" count="2" type="stmt"/>
      <line num="116" count="6" type="cond" truecount="4" falsecount="1"/>
      <line num="117" count="6" type="stmt"/>
      <line num="120" count="8" type="stmt"/>
      <line num="122" count="2" type="stmt"/>
      <line num="123" count="8" type="stmt"/>
      <line num="128" count="8" type="stmt"/>
      <line num="145" count="8" type="stmt"/>
      <line num="146" count="8" type="stmt"/>
      <line num="147" count="8" type="stmt"/>
      <line num="150" count="8" type="cond" truecount="2" falsecount="0"/>
      <line num="151" count="3" type="cond" truecount="2" falsecount="0"/>
      <line num="152" count="2" type="stmt"/>
      <line num="154" count="8" type="stmt"/>
    </file>
    <file name="sanitize.js" path="C:\Users\pooja\Desktop\carbon-track\src\utils\sanitize.js">
      <metrics statements="7" coveredstatements="7" conditionals="7" coveredconditionals="7" methods="3" coveredmethods="3"/>
      <line num="13" count="7" type="cond" truecount="2" falsecount="0"/>
      <line num="14" count="3" type="stmt"/>
      <line num="24" count="69" type="stmt"/>
      <line num="25" count="69" type="cond" truecount="5" falsecount="0"/>
      <line num="26" count="60" type="stmt"/>
      <line num="37" count="3" type="stmt"/>
      <line num="38" count="3" type="stmt"/>
    </file>
  </project>
</coverage>
