{"C:\\Users\\pooja\\Desktop\\carbon-track\\src\\utils\\emissionFactors.js": {"path":"C:\\Users\\pooja\\Desktop\\carbon-track\\src\\utils\\emissionFactors.js","statementMap":{"0":{"start":{"line":17,"column":23},"end":{"line":57,"column":1}},"1":{"start":{"line":60,"column":36},"end":{"line":60,"column":39}},"2":{"start":{"line":63,"column":37},"end":{"line":63,"column":43}},"3":{"start":{"line":73,"column":18},"end":{"line":73,"column":40}},"4":{"start":{"line":74,"column":26},"end":{"line":74,"column":43}},"5":{"start":{"line":75,"column":2},"end":{"line":75,"column":33}},"6":{"start":{"line":75,"column":24},"end":{"line":75,"column":33}},"7":{"start":{"line":76,"column":17},"end":{"line":76,"column":45}},"8":{"start":{"line":77,"column":2},"end":{"line":77,"column":56}},"9":{"start":{"line":77,"column":47},"end":{"line":77,"column":56}},"10":{"start":{"line":78,"column":2},"end":{"line":78,"column":54}},"11":{"start":{"line":89,"column":2},"end":{"line":89,"column":58}},"12":{"start":{"line":89,"column":49},"end":{"line":89,"column":58}},"13":{"start":{"line":90,"column":16},"end":{"line":94,"column":7}},"14":{"start":{"line":91,"column":4},"end":{"line":91,"column":52}},"15":{"start":{"line":91,"column":41},"end":{"line":91,"column":52}},"16":{"start":{"line":92,"column":21},"end":{"line":92,"column":83}},"17":{"start":{"line":93,"column":4},"end":{"line":93,"column":26}},"18":{"start":{"line":95,"column":2},"end":{"line":95,"column":39}},"19":{"start":{"line":106,"column":21},"end":{"line":106,"column":41}},"20":{"start":{"line":107,"column":17},"end":{"line":107,"column":19}},"21":{"start":{"line":109,"column":2},"end":{"line":109,"column":52}},"22":{"start":{"line":109,"column":32},"end":{"line":109,"column":48}},"23":{"start":{"line":111,"column":2},"end":{"line":113,"column":3}},"24":{"start":{"line":112,"column":4},"end":{"line":112,"column":75}},"25":{"start":{"line":112,"column":36},"end":{"line":112,"column":72}},"26":{"start":{"line":115,"column":2},"end":{"line":118,"column":5}},"27":{"start":{"line":116,"column":4},"end":{"line":116,"column":101}},"28":{"start":{"line":116,"column":94},"end":{"line":116,"column":101}},"29":{"start":{"line":117,"column":4},"end":{"line":117,"column":91}},"30":{"start":{"line":120,"column":21},"end":{"line":120,"column":69}},"31":{"start":{"line":120,"column":60},"end":{"line":120,"column":65}},"32":{"start":{"line":122,"column":2},"end":{"line":128,"column":33}},"33":{"start":{"line":123,"column":19},"end":{"line":127,"column":5}},"34":{"start":{"line":128,"column":20},"end":{"line":128,"column":31}},"35":{"start":{"line":145,"column":13},"end":{"line":145,"column":34}},"36":{"start":{"line":146,"column":23},"end":{"line":146,"column":93}},"37":{"start":{"line":147,"column":24},"end":{"line":147,"column":96}},"38":{"start":{"line":150,"column":2},"end":{"line":152,"column":31}},"39":{"start":{"line":150,"column":33},"end":{"line":150,"column":56}},"40":{"start":{"line":151,"column":7},"end":{"line":152,"column":31}},"41":{"start":{"line":151,"column":39},"end":{"line":151,"column":75}},"42":{"start":{"line":152,"column":7},"end":{"line":152,"column":31}},"43":{"start":{"line":154,"column":2},"end":{"line":162,"column":4}}},"fnMap":{"0":{"name":"calculateEmission","decl":{"start":{"line":72,"column":16},"end":{"line":72,"column":33}},"loc":{"start":{"line":72,"column":67},"end":{"line":79,"column":1}},"line":72},"1":{"name":"getTotalMonthlyEmission","decl":{"start":{"line":88,"column":16},"end":{"line":88,"column":39}},"loc":{"start":{"line":88,"column":46},"end":{"line":96,"column":1}},"line":88},"2":{"name":"(anonymous_2)","decl":{"start":{"line":90,"column":28},"end":{"line":90,"column":29}},"loc":{"start":{"line":90,"column":42},"end":{"line":94,"column":3}},"line":90},"3":{"name":"getCategoryBreakdown","decl":{"start":{"line":105,"column":16},"end":{"line":105,"column":36}},"loc":{"start":{"line":105,"column":43},"end":{"line":129,"column":1}},"line":105},"4":{"name":"(anonymous_4)","decl":{"start":{"line":109,"column":21},"end":{"line":109,"column":22}},"loc":{"start":{"line":109,"column":30},"end":{"line":109,"column":50}},"line":109},"5":{"name":"(anonymous_5)","decl":{"start":{"line":112,"column":26},"end":{"line":112,"column":27}},"loc":{"start":{"line":112,"column":36},"end":{"line":112,"column":72}},"line":112},"6":{"name":"(anonymous_6)","decl":{"start":{"line":115,"column":15},"end":{"line":115,"column":16}},"loc":{"start":{"line":115,"column":24},"end":{"line":118,"column":3}},"line":115},"7":{"name":"(anonymous_7)","decl":{"start":{"line":120,"column":50},"end":{"line":120,"column":51}},"loc":{"start":{"line":120,"column":60},"end":{"line":120,"column":65}},"line":120},"8":{"name":"(anonymous_8)","decl":{"start":{"line":123,"column":9},"end":{"line":123,"column":10}},"loc":{"start":{"line":123,"column":19},"end":{"line":127,"column":5}},"line":123},"9":{"name":"(anonymous_9)","decl":{"start":{"line":128,"column":10},"end":{"line":128,"column":11}},"loc":{"start":{"line":128,"column":20},"end":{"line":128,"column":31}},"line":128},"10":{"name":"compareToGlobalAverage","decl":{"start":{"line":144,"column":16},"end":{"line":144,"column":38}},"loc":{"start":{"line":144,"column":48},"end":{"line":163,"column":1}},"line":144}},"branchMap":{"0":{"loc":{"start":{"line":75,"column":2},"end":{"line":75,"column":33}},"type":"if","locations":[{"start":{"line":75,"column":2},"end":{"line":75,"column":33}},{"start":{},"end":{}}],"line":75},"1":{"loc":{"start":{"line":77,"column":2},"end":{"line":77,"column":56}},"type":"if","locations":[{"start":{"line":77,"column":2},"end":{"line":77,"column":56}},{"start":{},"end":{}}],"line":77},"2":{"loc":{"start":{"line":77,"column":6},"end":{"line":77,"column":45}},"type":"binary-expr","locations":[{"start":{"line":77,"column":6},"end":{"line":77,"column":26}},{"start":{"line":77,"column":30},"end":{"line":77,"column":45}}],"line":77},"3":{"loc":{"start":{"line":89,"column":2},"end":{"line":89,"column":58}},"type":"if","locations":[{"start":{"line":89,"column":2},"end":{"line":89,"column":58}},{"start":{},"end":{}}],"line":89},"4":{"loc":{"start":{"line":89,"column":6},"end":{"line":89,"column":47}},"type":"binary-expr","locations":[{"start":{"line":89,"column":6},"end":{"line":89,"column":26}},{"start":{"line":89,"column":30},"end":{"line":89,"column":47}}],"line":89},"5":{"loc":{"start":{"line":91,"column":4},"end":{"line":91,"column":52}},"type":"if","locations":[{"start":{"line":91,"column":4},"end":{"line":91,"column":52}},{"start":{},"end":{}}],"line":91},"6":{"loc":{"start":{"line":91,"column":8},"end":{"line":91,"column":39}},"type":"binary-expr","locations":[{"start":{"line":91,"column":8},"end":{"line":91,"column":12}},{"start":{"line":91,"column":16},"end":{"line":91,"column":39}}],"line":91},"7":{"loc":{"start":{"line":111,"column":2},"end":{"line":113,"column":3}},"type":"if","locations":[{"start":{"line":111,"column":2},"end":{"line":113,"column":3}},{"start":{},"end":{}}],"line":111},"8":{"loc":{"start":{"line":111,"column":6},"end":{"line":111,"column":47}},"type":"binary-expr","locations":[{"start":{"line":111,"column":6},"end":{"line":111,"column":26}},{"start":{"line":111,"column":30},"end":{"line":111,"column":47}}],"line":111},"9":{"loc":{"start":{"line":116,"column":4},"end":{"line":116,"column":101}},"type":"if","locations":[{"start":{"line":116,"column":4},"end":{"line":116,"column":101}},{"start":{},"end":{}}],"line":116},"10":{"loc":{"start":{"line":116,"column":8},"end":{"line":116,"column":92}},"type":"binary-expr","locations":[{"start":{"line":116,"column":8},"end":{"line":116,"column":12}},{"start":{"line":116,"column":16},"end":{"line":116,"column":29}},{"start":{"line":116,"column":33},"end":{"line":116,"column":92}}],"line":116},"11":{"loc":{"start":{"line":126,"column":15},"end":{"line":126,"column":86}},"type":"cond-expr","locations":[{"start":{"line":126,"column":32},"end":{"line":126,"column":82}},{"start":{"line":126,"column":85},"end":{"line":126,"column":86}}],"line":126},"12":{"loc":{"start":{"line":150,"column":2},"end":{"line":152,"column":31}},"type":"if","locations":[{"start":{"line":150,"column":2},"end":{"line":152,"column":31}},{"start":{"line":151,"column":7},"end":{"line":152,"column":31}}],"line":150},"13":{"loc":{"start":{"line":151,"column":7},"end":{"line":152,"column":31}},"type":"if","locations":[{"start":{"line":151,"column":7},"end":{"line":152,"column":31}},{"start":{"line":152,"column":7},"end":{"line":152,"column":31}}],"line":151},"14":{"loc":{"start":{"line":157,"column":13},"end":{"line":157,"column":73}},"type":"cond-expr","locations":[{"start":{"line":157,"column":33},"end":{"line":157,"column":52}},{"start":{"line":157,"column":55},"end":{"line":157,"column":73}}],"line":157},"15":{"loc":{"start":{"line":158,"column":14},"end":{"line":158,"column":77}},"type":"cond-expr","locations":[{"start":{"line":158,"column":35},"end":{"line":158,"column":55}},{"start":{"line":158,"column":58},"end":{"line":158,"column":77}}],"line":158}},"s":{"0":1,"1":1,"2":1,"3":51,"4":51,"5":51,"6":3,"7":48,"8":48,"9":1,"10":47,"11":6,"12":3,"13":3,"14":8,"15":3,"16":5,"17":5,"18":3,"19":3,"20":3,"21":3,"22":12,"23":3,"24":1,"25":4,"26":2,"27":6,"28":0,"29":6,"30":2,"31":8,"32":2,"33":8,"34":8,"35":8,"36":8,"37":8,"38":8,"39":5,"40":3,"41":1,"42":2,"43":8},"f":{"0":51,"1":6,"2":8,"3":3,"4":12,"5":4,"6":6,"7":8,"8":8,"9":8,"10":8},"b":{"0":[3,48],"1":[1,47],"2":[48,47],"3":[3,3],"4":[6,4],"5":[3,5],"6":[8,6],"7":[1,2],"8":[3,3],"9":[0,6],"10":[6,6,6],"11":[8,0],"12":[5,3],"13":[1,2],"14":[3,5],"15":[2,6]},"inputSourceMap":null,"_coverageSchema":"1a1c01bbd47fc00a2c39e90264f33305004495a9","hash":"1b6a792fddd5fd55ad2790cada8e48ccbcaf5491"}
,"C:\\Users\\pooja\\Desktop\\carbon-track\\src\\utils\\sanitize.js": {"path":"C:\\Users\\pooja\\Desktop\\carbon-track\\src\\utils\\sanitize.js","statementMap":{"0":{"start":{"line":13,"column":2},"end":{"line":13,"column":43}},"1":{"start":{"line":13,"column":33},"end":{"line":13,"column":43}},"2":{"start":{"line":14,"column":2},"end":{"line":14,"column":46}},"3":{"start":{"line":24,"column":14},"end":{"line":24,"column":27}},"4":{"start":{"line":25,"column":2},"end":{"line":25,"column":56}},"5":{"start":{"line":25,"column":47},"end":{"line":25,"column":56}},"6":{"start":{"line":26,"column":2},"end":{"line":26,"column":13}},"7":{"start":{"line":37,"column":14},"end":{"line":37,"column":33}},"8":{"start":{"line":38,"column":2},"end":{"line":38,"column":43}}},"fnMap":{"0":{"name":"sanitizeString","decl":{"start":{"line":12,"column":16},"end":{"line":12,"column":30}},"loc":{"start":{"line":12,"column":38},"end":{"line":15,"column":1}},"line":12},"1":{"name":"toSafeNumber","decl":{"start":{"line":23,"column":16},"end":{"line":23,"column":28}},"loc":{"start":{"line":23,"column":36},"end":{"line":27,"column":1}},"line":23},"2":{"name":"clamp","decl":{"start":{"line":36,"column":16},"end":{"line":36,"column":21}},"loc":{"start":{"line":36,"column":39},"end":{"line":39,"column":1}},"line":36}},"branchMap":{"0":{"loc":{"start":{"line":13,"column":2},"end":{"line":13,"column":43}},"type":"if","locations":[{"start":{"line":13,"column":2},"end":{"line":13,"column":43}},{"start":{},"end":{}}],"line":13},"1":{"loc":{"start":{"line":25,"column":2},"end":{"line":25,"column":56}},"type":"if","locations":[{"start":{"line":25,"column":2},"end":{"line":25,"column":56}},{"start":{},"end":{}}],"line":25},"2":{"loc":{"start":{"line":25,"column":6},"end":{"line":25,"column":45}},"type":"binary-expr","locations":[{"start":{"line":25,"column":6},"end":{"line":25,"column":20}},{"start":{"line":25,"column":24},"end":{"line":25,"column":34}},{"start":{"line":25,"column":38},"end":{"line":25,"column":45}}],"line":25}},"s":{"0":7,"1":4,"2":3,"3":69,"4":69,"5":9,"6":60,"7":3,"8":3},"f":{"0":7,"1":69,"2":3},"b":{"0":[4,3],"1":[9,60],"2":[69,62,62]},"inputSourceMap":null,"_coverageSchema":"1a1c01bbd47fc00a2c39e90264f33305004495a9","hash":"300d1fa0a5e390ba9284f851ee00b6b93bf19edb"}
}
