TN:
SF:src\utils\emissionFactors.js
FN:72,calculateEmission
FN:88,getTotalMonthlyEmission
FN:90,(anonymous_2)
FN:105,getCategoryBreakdown
FN:109,(anonymous_4)
FN:112,(anonymous_5)
FN:115,(anonymous_6)
FN:120,(anonymous_7)
FN:123,(anonymous_8)
FN:128,(anonymous_9)
FN:144,compareToGlobalAverage
FNF:11
FNH:11
FNDA:51,calculateEmission
FNDA:6,getTotalMonthlyEmission
FNDA:8,(anonymous_2)
FNDA:3,getCategoryBreakdown
FNDA:12,(anonymous_4)
FNDA:4,(anonymous_5)
FNDA:6,(anonymous_6)
FNDA:8,(anonymous_7)
FNDA:8,(anonymous_8)
FNDA:8,(anonymous_9)
FNDA:8,compareToGlobalAverage
DA:17,1
DA:60,1
DA:63,1
DA:73,51
DA:74,51
DA:75,51
DA:76,48
DA:77,48
DA:78,47
DA:89,6
DA:90,3
DA:91,8
DA:92,5
DA:93,5
DA:95,3
DA:106,3
DA:107,3
DA:109,12
DA:111,3
DA:112,4
DA:115,2
DA:116,6
DA:117,6
DA:120,8
DA:122,2
DA:123,8
DA:128,8
DA:145,8
DA:146,8
DA:147,8
DA:150,8
DA:151,3
DA:152,2
DA:154,8
LF:34
LH:34
BRDA:75,0,0,3
BRDA:75,0,1,48
BRDA:77,1,0,1
BRDA:77,1,1,47
BRDA:77,2,0,48
BRDA:77,2,1,47
BRDA:89,3,0,3
BRDA:89,3,1,3
BRDA:89,4,0,6
BRDA:89,4,1,4
BRDA:91,5,0,3
BRDA:91,5,1,5
BRDA:91,6,0,8
BRDA:91,6,1,6
BRDA:111,7,0,1
BRDA:111,7,1,2
BRDA:111,8,0,3
BRDA:111,8,1,3
BRDA:116,9,0,0
BRDA:116,9,1,6
BRDA:116,10,0,6
BRDA:116,10,1,6
BRDA:116,10,2,6
BRDA:126,11,0,8
BRDA:126,11,1,0
BRDA:150,12,0,5
BRDA:150,12,1,3
BRDA:151,13,0,1
BRDA:151,13,1,2
BRDA:157,14,0,3
BRDA:157,14,1,5
BRDA:158,15,0,2
BRDA:158,15,1,6
BRF:33
BRH:31
end_of_record
TN:
SF:src\utils\sanitize.js
FN:12,sanitizeString
FN:23,toSafeNumber
FN:36,clamp
FNF:3
FNH:3
FNDA:7,sanitizeString
FNDA:69,toSafeNumber
FNDA:3,clamp
DA:13,7
DA:14,3
DA:24,69
DA:25,69
DA:26,60
DA:37,3
DA:38,3
LF:7
LH:7
BRDA:13,0,0,4
BRDA:13,0,1,3
BRDA:25,1,0,9
BRDA:25,1,1,60
BRDA:25,2,0,69
BRDA:25,2,1,62
BRDA:25,2,2,62
BRF:7
BRH:7
end_of_record
